19:01:49 **** Incremental Build of configuration Debug for project STM32Proj ****
make -j20 all 
arm-none-eabi-gcc "../Core/Src/main.c" -mcpu=cortex-m3 -std=gnu11 -g -DDEBUG -DUSE_HAL_DRIVER -DSTM32F103xB -c -I../Core/Inc -I../Drivers/STM32F1xx_HAL_Driver/Inc -I../Drivers/STM32F1xx_HAL_Driver/Inc/Legacy -I../Drivers/CMSIS/Device/ST/STM32F1xx/Include -I../Drivers/CMSIS/Include -O0 -ffunction-sections -fdata-sections -Wall -fstack-usage -fcyclomatic-complexity -MMD -MP -MF"Core/Src/main.d" -MT"Core/Src/main.o" --specs=nano.specs -mfloat-abi=soft -mthumb -o "Core/Src/main.o"
../Core/Src/main.c: In function 'main':
../Core/Src/main.c:217:3: warning: implicit declaration of function 'SPI_SendData' [-Wimplicit-function-declaration]
  217 |   SPI_SendData(&hspi2, userdata, strlen(userdata), HAL_MAX_DELAY);
      |   ^~~~~~~~~~~~
../Core/Src/main.c:217:34: warning: implicit declaration of function 'strlen' [-Wimplicit-function-declaration]
  217 |   SPI_SendData(&hspi2, userdata, strlen(userdata), HAL_MAX_DELAY);
      |                                  ^~~~~~
../Core/Src/main.c:21:1: note: include '<string.h>' or provide a declaration of 'strlen'
   20 | #include "main.h"
  +++ |+#include <string.h>
   21 | 
../Core/Src/main.c:217:34: warning: incompatible implicit declaration of built-in function 'strlen' [-Wbuiltin-declaration-mismatch]
  217 |   SPI_SendData(&hspi2, userdata, strlen(userdata), HAL_MAX_DELAY);
      |                                  ^~~~~~
../Core/Src/main.c:217:34: note: include '<string.h>' or provide a declaration of 'strlen'
../Core/Src/main.c:246:11: warning: implicit declaration of function 'printf' [-Wimplicit-function-declaration]
  246 |           printf("Temperature: %2.1f degC\n", tCelsius);
      |           ^~~~~~
../Core/Src/main.c:21:1: note: include '<stdio.h>' or provide a declaration of 'printf'
   20 | #include "main.h"
  +++ |+#include <stdio.h>
   21 | 
../Core/Src/main.c:246:11: warning: incompatible implicit declaration of built-in function 'printf' [-Wbuiltin-declaration-mismatch]
  246 |           printf("Temperature: %2.1f degC\n", tCelsius);
      |           ^~~~~~
../Core/Src/main.c:246:11: note: include '<stdio.h>' or provide a declaration of 'printf'
../Core/Src/main.c:250:11: warning: implicit declaration of function 'memcpy' [-Wimplicit-function-declaration]
  250 |           memcpy(buffer, data, sizeof(data));
      |           ^~~~~~
../Core/Src/main.c:250:11: note: include '<string.h>' or provide a declaration of 'memcpy'
../Core/Src/main.c:250:11: warning: incompatible implicit declaration of built-in function 'memcpy' [-Wbuiltin-declaration-mismatch]
../Core/Src/main.c:250:11: note: include '<string.h>' or provide a declaration of 'memcpy'
../Core/Src/main.c:257:11: warning: implicit declaration of function 'sprintf' [-Wimplicit-function-declaration]
  257 |           sprintf(strOut, "SPI: Received %02X - %02X", buffer1[0], buffer1[1]);
      |           ^~~~~~~
../Core/Src/main.c:257:11: note: include '<stdio.h>' or provide a declaration of 'sprintf'
../Core/Src/main.c:257:11: warning: incompatible implicit declaration of built-in function 'sprintf' [-Wbuiltin-declaration-mismatch]
../Core/Src/main.c:257:11: note: include '<stdio.h>' or provide a declaration of 'sprintf'
arm-none-eabi-gcc -o "STM32Proj.elf" @"objects.list"   -mcpu=cortex-m3 -T"C:\Users\Oazis\Desktop\University\Summer Research Project\STM32project\Embedded-C\AirMonitor\STM32Proj\STM32F103RBTX_FLASH.ld" --specs=nosys.specs -Wl,-Map="STM32Proj.map" -Wl,--gc-sections -static -u _printf_float --specs=nano.specs -mfloat-abi=soft -mthumb -Wl,--start-group -lc -lm -Wl,--end-group
C:/ST/STM32CubeIDE_1.17.0/STM32CubeIDE/plugins/com.st.stm32cube.ide.mcu.externaltools.gnu-tools-for-stm32.12.3.rel1.win32_1.1.0.202410251130/tools/bin/../lib/gcc/arm-none-eabi/12.3.1/../../../../arm-none-eabi/bin/ld.exe: ./Core/Src/main.o: in function `main':
C:/Users/Oazis/Desktop/University/Summer Research Project/STM32project/Embedded-C/AirMonitor/STM32Proj/Debug/../Core/Src/main.c:217: undefined reference to `SPI_SendData'
collect2.exe: error: ld returned 1 exit status
make: *** [makefile:64: STM32Proj.elf] Error 1
"make -j20 all" terminated with exit code 2. Build might be incomplete.
19:03:05 **** Incremental Build of configuration Debug for project STM32Proj ****
make -j20 all 
arm-none-eabi-gcc "../Core/Src/main.c" -mcpu=cortex-m3 -std=gnu11 -g -DDEBUG -DUSE_HAL_DRIVER -DSTM32F103xB -c -I../Core/Inc -I../Drivers/STM32F1xx_HAL_Driver/Inc -I../Drivers/STM32F1xx_HAL_Driver/Inc/Legacy -I../Drivers/CMSIS/Device/ST/STM32F1xx/Include -I../Drivers/CMSIS/Include -O0 -ffunction-sections -fdata-sections -Wall -fstack-usage -fcyclomatic-complexity -MMD -MP -MF"Core/Src/main.d" -MT"Core/Src/main.o" --specs=nano.specs -mfloat-abi=soft -mthumb -o "Core/Src/main.o"
arm-none-eabi-gcc "../Core/Src/stm32f1xx_hal_msp.c" -mcpu=cortex-m3 -std=gnu11 -g -DDEBUG -DUSE_HAL_DRIVER -DSTM32F103xB -c -I../Core/Inc -I../Drivers/STM32F1xx_HAL_Driver/Inc -I../Drivers/STM32F1xx_HAL_Driver/Inc/Legacy -I../Drivers/CMSIS/Device/ST/STM32F1xx/Include -I../Drivers/CMSIS/Include -O0 -ffunction-sections -fdata-sections -Wall -fstack-usage -fcyclomatic-complexity -MMD -MP -MF"Core/Src/stm32f1xx_hal_msp.d" -MT"Core/Src/stm32f1xx_hal_msp.o" --specs=nano.specs -mfloat-abi=soft -mthumb -o "Core/Src/stm32f1xx_hal_msp.o"
../Core/Src/main.c: In function 'main':
../Core/Src/main.c:190:38: warning: implicit declaration of function 'strlen' [-Wimplicit-function-declaration]
  190 |   HAL_SPI_Transmit(&hspi2, userdata, strlen(userdata), HAL_MAX_DELAY);
      |                                      ^~~~~~
../Core/Src/main.c:21:1: note: include '<string.h>' or provide a declaration of 'strlen'
   20 | #include "main.h"
  +++ |+#include <string.h>
   21 | 
../Core/Src/main.c:190:38: warning: incompatible implicit declaration of built-in function 'strlen' [-Wbuiltin-declaration-mismatch]
  190 |   HAL_SPI_Transmit(&hspi2, userdata, strlen(userdata), HAL_MAX_DELAY);
      |                                      ^~~~~~
../Core/Src/main.c:190:38: note: include '<string.h>' or provide a declaration of 'strlen'
../Core/Src/main.c:190:28: warning: pointer targets in passing argument 2 of 'HAL_SPI_Transmit' differ in signedness [-Wpointer-sign]
  190 |   HAL_SPI_Transmit(&hspi2, userdata, strlen(userdata), HAL_MAX_DELAY);
      |                            ^~~~~~~~
      |                            |
      |                            char *
In file included from ../Core/Inc/stm32f1xx_hal_conf.h:330,
                 from ../Drivers/STM32F1xx_HAL_Driver/Inc/stm32f1xx_hal.h:29,
                 from ../Core/Inc/main.h:30,
                 from ../Core/Src/main.c:20:
../Drivers/STM32F1xx_HAL_Driver/Inc/stm32f1xx_hal_spi.h:675:76: note: expected 'const uint8_t *' {aka 'const unsigned char *'} but argument is of type 'char *'
  675 | HAL_StatusTypeDef HAL_SPI_Transmit(SPI_HandleTypeDef *hspi, const uint8_t *pData, uint16_t Size, uint32_t Timeout);
      |                                                             ~~~~~~~~~~~~~~~^~~~~
../Core/Src/main.c:219:11: warning: implicit declaration of function 'printf' [-Wimplicit-function-declaration]
  219 |           printf("Temperature: %2.1f degC\n", tCelsius);
      |           ^~~~~~
../Core/Src/main.c:21:1: note: include '<stdio.h>' or provide a declaration of 'printf'
   20 | #include "main.h"
  +++ |+#include <stdio.h>
   21 | 
../Core/Src/main.c:219:11: warning: incompatible implicit declaration of built-in function 'printf' [-Wbuiltin-declaration-mismatch]
  219 |           printf("Temperature: %2.1f degC\n", tCelsius);
      |           ^~~~~~
../Core/Src/main.c:219:11: note: include '<stdio.h>' or provide a declaration of 'printf'
../Core/Src/main.c:223:11: warning: implicit declaration of function 'memcpy' [-Wimplicit-function-declaration]
  223 |           memcpy(buffer, data, sizeof(data));
      |           ^~~~~~
../Core/Src/main.c:223:11: note: include '<string.h>' or provide a declaration of 'memcpy'
../Core/Src/main.c:223:11: warning: incompatible implicit declaration of built-in function 'memcpy' [-Wbuiltin-declaration-mismatch]
../Core/Src/main.c:223:11: note: include '<string.h>' or provide a declaration of 'memcpy'
../Core/Src/main.c:230:11: warning: implicit declaration of function 'sprintf' [-Wimplicit-function-declaration]
  230 |           sprintf(strOut, "SPI: Received %02X - %02X", buffer1[0], buffer1[1]);
      |           ^~~~~~~
../Core/Src/main.c:230:11: note: include '<stdio.h>' or provide a declaration of 'sprintf'
../Core/Src/main.c:230:11: warning: incompatible implicit declaration of built-in function 'sprintf' [-Wbuiltin-declaration-mismatch]
../Core/Src/main.c:230:11: note: include '<stdio.h>' or provide a declaration of 'sprintf'
arm-none-eabi-gcc -o "STM32Proj.elf" @"objects.list"   -mcpu=cortex-m3 -T"C:\Users\Oazis\Desktop\University\Summer Research Project\STM32project\Embedded-C\AirMonitor\STM32Proj\STM32F103RBTX_FLASH.ld" --specs=nosys.specs -Wl,-Map="STM32Proj.map" -Wl,--gc-sections -static -u _printf_float --specs=nano.specs -mfloat-abi=soft -mthumb -Wl,--start-group -lc -lm -Wl,--end-group
Finished building target: STM32Proj.elf
 
arm-none-eabi-size  STM32Proj.elf 
arm-none-eabi-objdump -h -S STM32Proj.elf  > "STM32Proj.list"
   text	   data	    bss	    dec	    hex	filename
  28044	    468	   2268	  30780	   783c	STM32Proj.elf
Finished building: default.size.stdout
 
Finished building: STM32Proj.list
 
19:03:06 **** Incremental Build of configuration Debug for project STM32Proj ****
make -j20 all 
arm-none-eabi-size  STM32Proj.elf 
   text	   data	    bss	    dec	    hex	filename
  28044	    468	   2268	  30780	   783c	STM32Proj.elf
Finished building: default.size.stdout
 
19:09:24 **** Incremental Build of configuration Debug for project STM32Proj ****
make -j20 all 
arm-none-eabi-size  STM32Proj.elf 
   text	   data	    bss	    dec	    hex	filename
  28044	    468	   2268	  30780	   783c	STM32Proj.elf
Finished building: default.size.stdout
 
19:11:09 **** Incremental Build of configuration Debug for project STM32Proj ****
make -j20 all 
arm-none-eabi-gcc "../Core/Src/stm32f1xx_hal_msp.c" -mcpu=cortex-m3 -std=gnu11 -g -DDEBUG -DUSE_HAL_DRIVER -DSTM32F103xB -c -I../Core/Inc -I../Drivers/STM32F1xx_HAL_Driver/Inc -I../Drivers/STM32F1xx_HAL_Driver/Inc/Legacy -I../Drivers/CMSIS/Device/ST/STM32F1xx/Include -I../Drivers/CMSIS/Include -O0 -ffunction-sections -fdata-sections -Wall -fstack-usage -fcyclomatic-complexity -MMD -MP -MF"Core/Src/stm32f1xx_hal_msp.d" -MT"Core/Src/stm32f1xx_hal_msp.o" --specs=nano.specs -mfloat-abi=soft -mthumb -o "Core/Src/stm32f1xx_hal_msp.o"
arm-none-eabi-gcc -o "STM32Proj.elf" @"objects.list"   -mcpu=cortex-m3 -T"C:\Users\Oazis\Desktop\University\Summer Research Project\STM32project\Embedded-C\AirMonitor\STM32Proj\STM32F103RBTX_FLASH.ld" --specs=nosys.specs -Wl,-Map="STM32Proj.map" -Wl,--gc-sections -static -u _printf_float --specs=nano.specs -mfloat-abi=soft -mthumb -Wl,--start-group -lc -lm -Wl,--end-group
Finished building target: STM32Proj.elf
 
arm-none-eabi-size  STM32Proj.elf 
arm-none-eabi-objdump -h -S STM32Proj.elf  > "STM32Proj.list"
   text	   data	    bss	    dec	    hex	filename
  28068	    468	   2268	  30804	   7854	STM32Proj.elf
Finished building: default.size.stdout
 
Finished building: STM32Proj.list
 
19:14:03 **** Incremental Build of configuration Debug for project STM32Proj ****
make -j20 all 
arm-none-eabi-gcc "../Core/Src/main.c" -mcpu=cortex-m3 -std=gnu11 -g -DDEBUG -DUSE_HAL_DRIVER -DSTM32F103xB -c -I../Core/Inc -I../Drivers/STM32F1xx_HAL_Driver/Inc -I../Drivers/STM32F1xx_HAL_Driver/Inc/Legacy -I../Drivers/CMSIS/Device/ST/STM32F1xx/Include -I../Drivers/CMSIS/Include -O0 -ffunction-sections -fdata-sections -Wall -fstack-usage -fcyclomatic-complexity -MMD -MP -MF"Core/Src/main.d" -MT"Core/Src/main.o" --specs=nano.specs -mfloat-abi=soft -mthumb -o "Core/Src/main.o"
../Core/Src/main.c: In function 'main':
../Core/Src/main.c:217:38: warning: implicit declaration of function 'strlen' [-Wimplicit-function-declaration]
  217 |   HAL_SPI_Transmit(&hspi2, userdata, strlen(userdata), HAL_MAX_DELAY);
      |                                      ^~~~~~
../Core/Src/main.c:21:1: note: include '<string.h>' or provide a declaration of 'strlen'
   20 | #include "main.h"
  +++ |+#include <string.h>
   21 | 
../Core/Src/main.c:217:38: warning: incompatible implicit declaration of built-in function 'strlen' [-Wbuiltin-declaration-mismatch]
  217 |   HAL_SPI_Transmit(&hspi2, userdata, strlen(userdata), HAL_MAX_DELAY);
      |                                      ^~~~~~
../Core/Src/main.c:217:38: note: include '<string.h>' or provide a declaration of 'strlen'
../Core/Src/main.c:217:28: warning: pointer targets in passing argument 2 of 'HAL_SPI_Transmit' differ in signedness [-Wpointer-sign]
  217 |   HAL_SPI_Transmit(&hspi2, userdata, strlen(userdata), HAL_MAX_DELAY);
      |                            ^~~~~~~~
      |                            |
      |                            char *
In file included from ../Core/Inc/stm32f1xx_hal_conf.h:330,
                 from ../Drivers/STM32F1xx_HAL_Driver/Inc/stm32f1xx_hal.h:29,
                 from ../Core/Inc/main.h:30,
                 from ../Core/Src/main.c:20:
../Drivers/STM32F1xx_HAL_Driver/Inc/stm32f1xx_hal_spi.h:675:76: note: expected 'const uint8_t *' {aka 'const unsigned char *'} but argument is of type 'char *'
  675 | HAL_StatusTypeDef HAL_SPI_Transmit(SPI_HandleTypeDef *hspi, const uint8_t *pData, uint16_t Size, uint32_t Timeout);
      |                                                             ~~~~~~~~~~~~~~~^~~~~
../Core/Src/main.c:246:11: warning: implicit declaration of function 'printf' [-Wimplicit-function-declaration]
  246 |           printf("Temperature: %2.1f degC\n", tCelsius);
      |           ^~~~~~
../Core/Src/main.c:21:1: note: include '<stdio.h>' or provide a declaration of 'printf'
   20 | #include "main.h"
  +++ |+#include <stdio.h>
   21 | 
../Core/Src/main.c:246:11: warning: incompatible implicit declaration of built-in function 'printf' [-Wbuiltin-declaration-mismatch]
  246 |           printf("Temperature: %2.1f degC\n", tCelsius);
      |           ^~~~~~
../Core/Src/main.c:246:11: note: include '<stdio.h>' or provide a declaration of 'printf'
../Core/Src/main.c:250:11: warning: implicit declaration of function 'memcpy' [-Wimplicit-function-declaration]
  250 |           memcpy(buffer, data, sizeof(data));
      |           ^~~~~~
../Core/Src/main.c:250:11: note: include '<string.h>' or provide a declaration of 'memcpy'
../Core/Src/main.c:250:11: warning: incompatible implicit declaration of built-in function 'memcpy' [-Wbuiltin-declaration-mismatch]
../Core/Src/main.c:250:11: note: include '<string.h>' or provide a declaration of 'memcpy'
../Core/Src/main.c:257:11: warning: implicit declaration of function 'sprintf' [-Wimplicit-function-declaration]
  257 |           sprintf(strOut, "SPI: Received %02X - %02X", buffer1[0], buffer1[1]);
      |           ^~~~~~~
../Core/Src/main.c:257:11: note: include '<stdio.h>' or provide a declaration of 'sprintf'
../Core/Src/main.c:257:11: warning: incompatible implicit declaration of built-in function 'sprintf' [-Wbuiltin-declaration-mismatch]
../Core/Src/main.c:257:11: note: include '<stdio.h>' or provide a declaration of 'sprintf'
arm-none-eabi-gcc -o "STM32Proj.elf" @"objects.list"   -mcpu=cortex-m3 -T"C:\Users\Oazis\Desktop\University\Summer Research Project\STM32project\Embedded-C\AirMonitor\STM32Proj\STM32F103RBTX_FLASH.ld" --specs=nosys.specs -Wl,-Map="STM32Proj.map" -Wl,--gc-sections -static -u _printf_float --specs=nano.specs -mfloat-abi=soft -mthumb -Wl,--start-group -lc -lm -Wl,--end-group
Finished building target: STM32Proj.elf
 
arm-none-eabi-size  STM32Proj.elf 
arm-none-eabi-objdump -h -S STM32Proj.elf  > "STM32Proj.list"
   text	   data	    bss	    dec	    hex	filename
  28204	    468	   2268	  30940	   78dc	STM32Proj.elf
Finished building: default.size.stdout
 
Finished building: STM32Proj.list
 
19:18:14 **** Incremental Build of configuration Debug for project STM32Proj ****
make -j20 all 
arm-none-eabi-gcc "../Core/Src/main.c" -mcpu=cortex-m3 -std=gnu11 -g -DDEBUG -DUSE_HAL_DRIVER -DSTM32F103xB -c -I../Core/Inc -I../Drivers/STM32F1xx_HAL_Driver/Inc -I../Drivers/STM32F1xx_HAL_Driver/Inc/Legacy -I../Drivers/CMSIS/Device/ST/STM32F1xx/Include -I../Drivers/CMSIS/Include -O0 -ffunction-sections -fdata-sections -Wall -fstack-usage -fcyclomatic-complexity -MMD -MP -MF"Core/Src/main.d" -MT"Core/Src/main.o" --specs=nano.specs -mfloat-abi=soft -mthumb -o "Core/Src/main.o"
arm-none-eabi-gcc "../Core/Src/stm32f1xx_hal_msp.c" -mcpu=cortex-m3 -std=gnu11 -g -DDEBUG -DUSE_HAL_DRIVER -DSTM32F103xB -c -I../Core/Inc -I../Drivers/STM32F1xx_HAL_Driver/Inc -I../Drivers/STM32F1xx_HAL_Driver/Inc/Legacy -I../Drivers/CMSIS/Device/ST/STM32F1xx/Include -I../Drivers/CMSIS/Include -O0 -ffunction-sections -fdata-sections -Wall -fstack-usage -fcyclomatic-complexity -MMD -MP -MF"Core/Src/stm32f1xx_hal_msp.d" -MT"Core/Src/stm32f1xx_hal_msp.o" --specs=nano.specs -mfloat-abi=soft -mthumb -o "Core/Src/stm32f1xx_hal_msp.o"
../Core/Src/main.c: In function 'main':
../Core/Src/main.c:215:38: warning: implicit declaration of function 'strlen' [-Wimplicit-function-declaration]
  215 |   HAL_SPI_Transmit(&hspi2, userdata, strlen(userdata), HAL_MAX_DELAY);
      |                                      ^~~~~~
../Core/Src/main.c:21:1: note: include '<string.h>' or provide a declaration of 'strlen'
   20 | #include "main.h"
  +++ |+#include <string.h>
   21 | 
../Core/Src/main.c:215:38: warning: incompatible implicit declaration of built-in function 'strlen' [-Wbuiltin-declaration-mismatch]
  215 |   HAL_SPI_Transmit(&hspi2, userdata, strlen(userdata), HAL_MAX_DELAY);
      |                                      ^~~~~~
../Core/Src/main.c:215:38: note: include '<string.h>' or provide a declaration of 'strlen'
../Core/Src/main.c:215:28: warning: pointer targets in passing argument 2 of 'HAL_SPI_Transmit' differ in signedness [-Wpointer-sign]
  215 |   HAL_SPI_Transmit(&hspi2, userdata, strlen(userdata), HAL_MAX_DELAY);
      |                            ^~~~~~~~
      |                            |
      |                            char *
In file included from ../Core/Inc/stm32f1xx_hal_conf.h:330,
                 from ../Drivers/STM32F1xx_HAL_Driver/Inc/stm32f1xx_hal.h:29,
                 from ../Core/Inc/main.h:30,
                 from ../Core/Src/main.c:20:
../Drivers/STM32F1xx_HAL_Driver/Inc/stm32f1xx_hal_spi.h:675:76: note: expected 'const uint8_t *' {aka 'const unsigned char *'} but argument is of type 'char *'
  675 | HAL_StatusTypeDef HAL_SPI_Transmit(SPI_HandleTypeDef *hspi, const uint8_t *pData, uint16_t Size, uint32_t Timeout);
      |                                                             ~~~~~~~~~~~~~~~^~~~~
../Core/Src/main.c:244:11: warning: implicit declaration of function 'printf' [-Wimplicit-function-declaration]
  244 |           printf("Temperature: %2.1f degC\n", tCelsius);
      |           ^~~~~~
../Core/Src/main.c:21:1: note: include '<stdio.h>' or provide a declaration of 'printf'
   20 | #include "main.h"
  +++ |+#include <stdio.h>
   21 | 
../Core/Src/main.c:244:11: warning: incompatible implicit declaration of built-in function 'printf' [-Wbuiltin-declaration-mismatch]
  244 |           printf("Temperature: %2.1f degC\n", tCelsius);
      |           ^~~~~~
../Core/Src/main.c:244:11: note: include '<stdio.h>' or provide a declaration of 'printf'
../Core/Src/main.c:248:11: warning: implicit declaration of function 'memcpy' [-Wimplicit-function-declaration]
  248 |           memcpy(buffer, data, sizeof(data));
      |           ^~~~~~
../Core/Src/main.c:248:11: note: include '<string.h>' or provide a declaration of 'memcpy'
../Core/Src/main.c:248:11: warning: incompatible implicit declaration of built-in function 'memcpy' [-Wbuiltin-declaration-mismatch]
../Core/Src/main.c:248:11: note: include '<string.h>' or provide a declaration of 'memcpy'
../Core/Src/main.c:255:11: warning: implicit declaration of function 'sprintf' [-Wimplicit-function-declaration]
  255 |           sprintf(strOut, "SPI: Received %02X - %02X", buffer1[0], buffer1[1]);
      |           ^~~~~~~
../Core/Src/main.c:255:11: note: include '<stdio.h>' or provide a declaration of 'sprintf'
../Core/Src/main.c:255:11: warning: incompatible implicit declaration of built-in function 'sprintf' [-Wbuiltin-declaration-mismatch]
../Core/Src/main.c:255:11: note: include '<stdio.h>' or provide a declaration of 'sprintf'
arm-none-eabi-gcc -o "STM32Proj.elf" @"objects.list"   -mcpu=cortex-m3 -T"C:\Users\Oazis\Desktop\University\Summer Research Project\STM32project\Embedded-C\AirMonitor\STM32Proj\STM32F103RBTX_FLASH.ld" --specs=nosys.specs -Wl,-Map="STM32Proj.map" -Wl,--gc-sections -static -u _printf_float --specs=nano.specs -mfloat-abi=soft -mthumb -Wl,--start-group -lc -lm -Wl,--end-group
Finished building target: STM32Proj.elf
 
arm-none-eabi-size  STM32Proj.elf 
arm-none-eabi-objdump -h -S STM32Proj.elf  > "STM32Proj.list"
   text	   data	    bss	    dec	    hex	filename
  28180	    468	   2268	  30916	   78c4	STM32Proj.elf
Finished building: default.size.stdout
 
Finished building: STM32Proj.list
 
